2017-03-06 00:03:47.391 [main] ERROR org.hibernate.hql.internal.ast.ErrorCounter - line 1:8: unexpected token: *
2017-03-06 00:03:47.398 [main] ERROR org.hibernate.hql.internal.ast.ErrorCounter - line 1:8: unexpected token: *
antlr.NoViableAltException: unexpected token: *
	at org.hibernate.hql.internal.antlr.HqlBaseParser.selectClause(HqlBaseParser.java:1260) [hibernate-core-5.2.10.Final.jar:5.2.10.Final]
	at org.hibernate.hql.internal.antlr.HqlBaseParser.selectFrom(HqlBaseParser.java:1037) [hibernate-core-5.2.10.Final.jar:5.2.10.Final]
	at org.hibernate.hql.internal.antlr.HqlBaseParser.queryRule(HqlBaseParser.java:745) [hibernate-core-5.2.10.Final.jar:5.2.10.Final]
	at org.hibernate.hql.internal.antlr.HqlBaseParser.selectStatement(HqlBaseParser.java:316) [hibernate-core-5.2.10.Final.jar:5.2.10.Final]
	at org.hibernate.hql.internal.antlr.HqlBaseParser.statement(HqlBaseParser.java:198) [hibernate-core-5.2.10.Final.jar:5.2.10.Final]
	at org.hibernate.hql.internal.ast.QueryTranslatorImpl.parse(QueryTranslatorImpl.java:283) [hibernate-core-5.2.10.Final.jar:5.2.10.Final]
	at org.hibernate.hql.internal.ast.QueryTranslatorImpl.doCompile(QueryTranslatorImpl.java:186) [hibernate-core-5.2.10.Final.jar:5.2.10.Final]
	at org.hibernate.hql.internal.ast.QueryTranslatorImpl.compile(QueryTranslatorImpl.java:141) [hibernate-core-5.2.10.Final.jar:5.2.10.Final]
	at org.hibernate.engine.query.spi.HQLQueryPlan.<init>(HQLQueryPlan.java:115) [hibernate-core-5.2.10.Final.jar:5.2.10.Final]
	at org.hibernate.engine.query.spi.HQLQueryPlan.<init>(HQLQueryPlan.java:77) [hibernate-core-5.2.10.Final.jar:5.2.10.Final]
	at org.hibernate.engine.query.spi.QueryPlanCache.getHQLQueryPlan(QueryPlanCache.java:153) [hibernate-core-5.2.10.Final.jar:5.2.10.Final]
	at org.hibernate.internal.AbstractSharedSessionContract.getQueryPlan(AbstractSharedSessionContract.java:546) [hibernate-core-5.2.10.Final.jar:5.2.10.Final]
	at org.hibernate.internal.AbstractSharedSessionContract.createQuery(AbstractSharedSessionContract.java:655) [hibernate-core-5.2.10.Final.jar:5.2.10.Final]
	at org.hibernate.internal.AbstractSharedSessionContract.createQuery(AbstractSharedSessionContract.java:102) [hibernate-core-5.2.10.Final.jar:5.2.10.Final]
	at DAO.IOmanager.isExist(IOmanager.java:112) [classes/:?]
	at testDAO.testDataBase.testExist(testDataBase.java:29) [test-classes/:?]
	at sun.reflect.NativeMethodAccessorImpl.invoke0(Native Method) ~[?:1.8.0_66]
	at sun.reflect.NativeMethodAccessorImpl.invoke(NativeMethodAccessorImpl.java:62) ~[?:1.8.0_66]
	at sun.reflect.DelegatingMethodAccessorImpl.invoke(DelegatingMethodAccessorImpl.java:43) ~[?:1.8.0_66]
	at java.lang.reflect.Method.invoke(Method.java:497) ~[?:1.8.0_66]
	at org.junit.runners.model.FrameworkMethod$1.runReflectiveCall(FrameworkMethod.java:47) [junit-4.11.jar:?]
	at org.junit.internal.runners.model.ReflectiveCallable.run(ReflectiveCallable.java:12) [junit-4.11.jar:?]
	at org.junit.runners.model.FrameworkMethod.invokeExplosively(FrameworkMethod.java:44) [junit-4.11.jar:?]
	at mockit.integration.junit4.internal.JUnit4TestRunnerDecorator.executeTestMethod(JUnit4TestRunnerDecorator.java:131) [jmockit-1.8.jar:?]
	at mockit.integration.junit4.internal.JUnit4TestRunnerDecorator.invokeExplosively(JUnit4TestRunnerDecorator.java:71) [jmockit-1.8.jar:?]
	at mockit.integration.junit4.internal.MockFrameworkMethod.invokeExplosively(MockFrameworkMethod.java:42) [jmockit-1.8.jar:?]
	at sun.reflect.NativeMethodAccessorImpl.invoke0(Native Method) ~[?:1.8.0_66]
	at sun.reflect.NativeMethodAccessorImpl.invoke(NativeMethodAccessorImpl.java:62) ~[?:1.8.0_66]
	at sun.reflect.DelegatingMethodAccessorImpl.invoke(DelegatingMethodAccessorImpl.java:43) ~[?:1.8.0_66]
	at java.lang.reflect.Method.invoke(Method.java:497) ~[?:1.8.0_66]
	at mockit.internal.util.MethodReflection.invokeWithCheckedThrows(MethodReflection.java:112) [jmockit-1.8.jar:?]
	at mockit.internal.mockups.MockMethodBridge.callMock(MockMethodBridge.java:85) [jmockit-1.8.jar:?]
	at mockit.internal.mockups.MockMethodBridge.invoke(MockMethodBridge.java:44) [jmockit-1.8.jar:?]
	at org.junit.runners.model.FrameworkMethod.invokeExplosively(FrameworkMethod.java) [junit-4.11.jar:?]
	at org.junit.internal.runners.statements.InvokeMethod.evaluate(InvokeMethod.java:17) [junit-4.11.jar:?]
	at org.junit.internal.runners.statements.RunBefores.evaluate(RunBefores.java:26) [junit-4.11.jar:?]
	at org.junit.internal.runners.statements.RunAfters.evaluate(RunAfters.java:27) [junit-4.11.jar:?]
	at org.junit.runners.ParentRunner.runLeaf(ParentRunner.java:271) [junit-4.11.jar:?]
	at org.junit.runners.BlockJUnit4ClassRunner.runChild(BlockJUnit4ClassRunner.java:70) [junit-4.11.jar:?]
	at org.junit.runners.BlockJUnit4ClassRunner.runChild(BlockJUnit4ClassRunner.java:50) [junit-4.11.jar:?]
	at org.junit.runners.ParentRunner$3.run(ParentRunner.java:238) [junit-4.11.jar:?]
	at org.junit.runners.ParentRunner$1.schedule(ParentRunner.java:63) [junit-4.11.jar:?]
	at org.junit.runners.ParentRunner.runChildren(ParentRunner.java:236) [junit-4.11.jar:?]
	at org.junit.runners.ParentRunner.access$000(ParentRunner.java:53) [junit-4.11.jar:?]
	at org.junit.runners.ParentRunner$2.evaluate(ParentRunner.java:229) [junit-4.11.jar:?]
	at org.junit.runners.ParentRunner.run(ParentRunner.java:309) [junit-4.11.jar:?]
	at org.junit.runner.JUnitCore.run(JUnitCore.java:160) [junit-4.11.jar:?]
	at com.intellij.junit4.JUnit4IdeaTestRunner.startRunnerWithArgs(JUnit4IdeaTestRunner.java:68) [junit-rt.jar:?]
	at com.intellij.rt.execution.junit.IdeaTestRunner$Repeater.startRunnerWithArgs(IdeaTestRunner.java:47) [junit-rt.jar:?]
	at com.intellij.rt.execution.junit.JUnitStarter.prepareStreamsAndStart(JUnitStarter.java:242) [junit-rt.jar:?]
	at com.intellij.rt.execution.junit.JUnitStarter.main(JUnitStarter.java:70) [junit-rt.jar:?]
